<?xml version="1.0" encoding="UTF-8"?>
<!-- Generated by org.testng.reporters.JUnitReportReporter -->
<testsuite hostname="LAPTOP-HJ1GF5N3" failures="0" tests="2" name="testng_package.DashboardLogin" time="7.925" errors="0" timestamp="2024-02-09T11:16:14 EST" skipped="0">
  <testcase classname="testng_package.DashboardLogin" name="assertHomePage" time="2.070"/>
  <testcase classname="testng_package.DashboardLogin" name="performLogin" time="5.855"/>
</testsuite> <!-- testng_package.DashboardLogin -->
