<?xml version="1.0" encoding="UTF-8"?>
<!-- Generated by org.testng.reporters.JUnitReportReporter -->
<testsuite hostname="LAPTOP-HJ1GF5N3" failures="0" tests="1" name="testng_package.FillFornTest" time="3.253" errors="0" timestamp="2023-12-06T14:32:09 EST" skipped="0">
  <testcase classname="testng_package.FillFornTest" name="forn" time="3.253"/>
</testsuite> <!-- testng_package.FillFornTest -->
