<?xml version="1.0" encoding="UTF-8"?>
<!-- Generated by org.testng.reporters.JUnitReportReporter -->
<testsuite hostname="LAPTOP-HJ1GF5N3" failures="0" tests="4" name="testng_package.TestNG_header_footer" time="36.012" errors="0" timestamp="2023-12-06T12:18:19 EST" skipped="0">
  <testcase classname="testng_package.TestNG_header_footer" name="f" time="0.001"/>
  <testcase classname="testng_package.TestNG_header_footer" name="Open_and_Close_CNBC_Site" time="2.301"/>
  <testcase classname="testng_package.TestNG_header_footer" name="Open_and_Close_Yaho_Site" time="29.438"/>
  <testcase classname="testng_package.TestNG_header_footer" name="Open_and_Close_AmazonSite" time="4.272"/>
</testsuite> <!-- testng_package.TestNG_header_footer -->
