<?xml version="1.0" encoding="UTF-8"?>
<!-- Generated by org.testng.reporters.JUnitReportReporter -->
<testsuite hostname="LAPTOP-HJ1GF5N3" failures="0" tests="3" name="testng_package.open_website" time="42.251" errors="0" timestamp="2023-11-29T09:06:55 EST" skipped="0">
  <testcase classname="testng_package.open_website" name="openingAmazonSite" time="8.064"/>
  <testcase classname="testng_package.open_website" name="openingYahooSite" time="25.702"/>
  <testcase classname="testng_package.open_website" name="openingCnbcSite" time="8.485"/>
</testsuite> <!-- testng_package.open_website -->
