<?xml version="1.0" encoding="UTF-8"?>
<!-- Generated by org.testng.reporters.JUnitReportReporter -->
<testsuite hostname="LAPTOP-HJ1GF5N3" failures="0" tests="3" name="testng_package.open_close_threediffrentwebsites" time="42.050" errors="0" timestamp="2023-12-06T12:16:24 EST" skipped="0">
  <testcase classname="testng_package.open_close_threediffrentwebsites" name="openingYahooSite" time="32.346"/>
  <testcase classname="testng_package.open_close_threediffrentwebsites" name="openingCnbcSite" time="5.089"/>
  <testcase classname="testng_package.open_close_threediffrentwebsites" name="openingAmazonSite" time="4.615"/>
</testsuite> <!-- testng_package.open_close_threediffrentwebsites -->
