<?xml version="1.0" encoding="UTF-8"?>
<!-- Generated by org.testng.reporters.JUnitReportReporter -->
<testsuite hostname="LAPTOP-HJ1GF5N3" failures="0" tests="3" name="testng_package.Open_multipalwebsite_priority" time="41.269" errors="0" timestamp="2023-12-06T14:37:13 EST" skipped="0">
  <testcase classname="testng_package.Open_multipalwebsite_priority" name="openingAmazonSite" time="5.044"/>
  <testcase classname="testng_package.Open_multipalwebsite_priority" name="openingCnbcSite" time="4.441"/>
  <testcase classname="testng_package.Open_multipalwebsite_priority" name="openingYahooSite" time="31.784"/>
</testsuite> <!-- testng_package.Open_multipalwebsite_priority -->
