<?xml version="1.0" encoding="UTF-8"?>
<!-- Generated by org.testng.reporters.JUnitReportReporter -->
<testsuite hostname="LAPTOP-HJ1GF5N3" failures="0" tests="2" name="testng_package.TestNG_assertafter_hrm_login" time="7.540" errors="0" timestamp="2023-12-06T14:59:23 EST" skipped="0">
  <testcase classname="testng_package.TestNG_assertafter_hrm_login" name="performLogin" time="5.492"/>
  <testcase classname="testng_package.TestNG_assertafter_hrm_login" name="assertHomePage" time="2.048"/>
</testsuite> <!-- testng_package.TestNG_assertafter_hrm_login -->
