<?xml version="1.0" encoding="UTF-8"?>
<!-- Generated by org.testng.reporters.JUnitReportReporter -->
<testsuite hostname="LAPTOP-HJ1GF5N3" failures="0" tests="3" name="testng_package.Testng_data_provider" time="14.073" errors="0" timestamp="2023-12-06T14:50:03 EST" skipped="0">
  <testcase classname="testng_package.Testng_data_provider" name="checking" time="4.889"/>
  <testcase classname="testng_package.Testng_data_provider" name="checking" time="5.619"/>
  <testcase classname="testng_package.Testng_data_provider" name="checking" time="3.565"/>
</testsuite> <!-- testng_package.Testng_data_provider -->
