<?xml version="1.0" encoding="UTF-8"?>
<!-- Generated by org.testng.reporters.JUnitReportReporter -->
<testsuite hostname="LAPTOP-HJ1GF5N3" failures="0" tests="1" name="testng_package.Testng_assert_equal" time="3.331" errors="0" timestamp="2023-12-06T14:53:29 EST" skipped="0">
  <testcase classname="testng_package.Testng_assert_equal" name="checkGoogleSite" time="3.331"/>
</testsuite> <!-- testng_package.Testng_assert_equal -->
