<?xml version="1.0" encoding="UTF-8"?>
<!-- Generated by org.testng.reporters.JUnitReportReporter -->
<testsuite hostname="LAPTOP-HJ1GF5N3" failures="0" tests="1" name="testNg_package.Assert_equal_class" time="2.501" errors="0" timestamp="2024-04-13T08:49:35 EDT" skipped="0">
  <testcase classname="testNg_package.Assert_equal_class" name="checkGoogleSite" time="2.501"/>
</testsuite> <!-- testNg_package.Assert_equal_class -->
