<?xml version="1.0" encoding="UTF-8"?>
<!-- Generated by org.testng.reporters.JUnitReportReporter -->
<testsuite hostname="LAPTOP-HJ1GF5N3" failures="0" tests="1" name="testNg_package.Extentreport_class" time="0.795" errors="0" timestamp="2024-04-05T14:13:28 EDT" skipped="0">
  <testcase classname="testNg_package.Extentreport_class" name="extentReport" time="0.795"/>
</testsuite> <!-- testNg_package.Extentreport_class -->
