<?xml version="1.0" encoding="UTF-8"?>
<!-- Generated by org.testng.reporters.JUnitReportReporter -->
<testsuite hostname="LAPTOP-HJ1GF5N3" failures="0" tests="3" name="testNg_package.DataProviderClass" time="19.258" errors="0" timestamp="2024-03-30T10:32:47 EDT" skipped="0">
  <testcase classname="testNg_package.DataProviderClass" name="checking" time="5.877"/>
  <testcase classname="testNg_package.DataProviderClass" name="checking" time="5.506"/>
  <testcase classname="testNg_package.DataProviderClass" name="checking" time="7.875"/>
</testsuite> <!-- testNg_package.DataProviderClass -->
