<?xml version="1.0" encoding="UTF-8"?>
<!-- Generated by org.testng.reporters.JUnitReportReporter -->
<testsuite hostname="LAPTOP-HJ1GF5N3" failures="0" tests="1" name="testNg_package.Annotation_class" time="3.825" errors="0" timestamp="2024-04-13T08:54:49 EDT" skipped="0">
  <testcase classname="testNg_package.Annotation_class" name="performLogin" time="3.825"/>
</testsuite> <!-- testNg_package.Annotation_class -->
