<?xml version="1.0" encoding="UTF-8"?>
<!-- Generated by org.testng.reporters.JUnitReportReporter -->
<testsuite hostname="LAPTOP-HJ1GF5N3" failures="0" tests="2" name="testNg_package.Priority_class" time="13.501" errors="0" timestamp="2024-04-05T13:31:14 EDT" skipped="0">
  <testcase classname="testNg_package.Priority_class" name="openingYahooSite" time="7.585"/>
  <testcase classname="testNg_package.Priority_class" name="openingCnbcSite" time="5.916"/>
</testsuite> <!-- testNg_package.Priority_class -->
