<?xml version="1.0" encoding="UTF-8"?>
<!-- Generated by org.testng.reporters.JUnitReportReporter -->
<testsuite hostname="LAPTOP-HJ1GF5N3" failures="0" tests="2" name="testNg_package.Assert_landing_class" time="7.643" errors="0" timestamp="2024-03-30T10:07:25 EDT" skipped="0">
  <testcase classname="testNg_package.Assert_landing_class" name="assertHomePage" time="2.237"/>
  <testcase classname="testNg_package.Assert_landing_class" name="performLogin" time="5.406"/>
</testsuite> <!-- testNg_package.Assert_landing_class -->
