<?xml version="1.0" encoding="UTF-8"?>
<!-- Generated by org.testng.reporters.JUnitReportReporter -->
<testsuite hostname="LAPTOP-HJ1GF5N3" failures="0" tests="3" name="testNg_package.Open_website" time="28.567" errors="0" timestamp="2024-03-30T09:24:05 EDT" skipped="0">
  <testcase classname="testNg_package.Open_website" name="openingAmazonSite" time="6.365"/>
  <testcase classname="testNg_package.Open_website" name="openingCnbcSite" time="7.109"/>
  <testcase classname="testNg_package.Open_website" name="openingYahooSite" time="15.093"/>
</testsuite> <!-- testNg_package.Open_website -->
